[17-Jan-2020 15:29:01 UTC] PHP Parse error:  syntax error, unexpected '}', expecting ',' or ';' in C:\Users\loved\Local Sites\amazing-college\app\public\wp-content\themes\fictional-university-theme\index.php on line 4
[17-Jan-2020 15:29:01 UTC] PHP Parse error:  syntax error, unexpected '}', expecting ',' or ';' in C:\Users\loved\Local Sites\amazing-college\app\public\wp-content\themes\fictional-university-theme\index.php on line 4
[18-Jan-2020 14:59:08 UTC] PHP Parse error:  syntax error, unexpected 'wp_enqueue_style' (T_STRING) in C:\Users\loved\Local Sites\amazing-college\app\public\wp-content\themes\fictional-university-theme\functions.php on line 4
[18-Jan-2020 15:04:35 UTC] PHP Parse error:  syntax error, unexpected ')', expecting ',' or ';' in C:\Users\loved\Local Sites\amazing-college\app\public\wp-content\themes\fictional-university-theme\index.php on line 5
[19-Jan-2020 14:35:39 UTC] PHP Fatal error:  Uncaught Error: Call to undefined function blog_info() in C:\Users\loved\Local Sites\amazing-college\app\public\wp-content\themes\fictional-university-theme\header.php:4
Stack trace:
#0 C:\Users\loved\Local Sites\amazing-college\app\public\wp-includes\template.php(722): require_once()
#1 C:\Users\loved\Local Sites\amazing-college\app\public\wp-includes\template.php(671): load_template('C:\\Users\\loved\\...', true)
#2 C:\Users\loved\Local Sites\amazing-college\app\public\wp-includes\general-template.php(41): locate_template(Array, true)
#3 C:\Users\loved\Local Sites\amazing-college\app\public\wp-content\themes\fictional-university-theme\index.php(2): get_header()
#4 C:\Users\loved\Local Sites\amazing-college\app\public\wp-includes\template-loader.php(98): include('C:\\Users\\loved\\...')
#5 C:\Users\loved\Local Sites\amazing-college\app\public\wp-blog-header.php(19): require_once('C:\\Users\\loved\\...')
#6 C:\Users\loved\Local Sites\amazing-college\app\public\index.php(17): require('C:\\Users\\loved\\...')
# in C:\Users\loved\Local Sites\amazing-college\app\public\wp-content\themes\fictional-university-theme\header.php on line 4
[19-Jan-2020 23:54:47 UTC] PHP Fatal error:  Uncaught Error: Call to undefined function get_the_catgeory_list() in C:\Users\loved\Local Sites\amazing-college\app\public\wp-content\themes\fictional-university-theme\index.php:22
Stack trace:
#0 C:\Users\loved\Local Sites\amazing-college\app\public\wp-includes\template-loader.php(98): include()
#1 C:\Users\loved\Local Sites\amazing-college\app\public\wp-blog-header.php(19): require_once('C:\\Users\\loved\\...')
#2 C:\Users\loved\Local Sites\amazing-college\app\public\index.php(17): require('C:\\Users\\loved\\...')
#3 {main}
  thrown in C:\Users\loved\Local Sites\amazing-college\app\public\wp-content\themes\fictional-university-theme\index.php on line 22
[20-Jan-2020 18:56:23 UTC] PHP Warning:  call_user_func_array() expects parameter 1 to be a valid callback, function 'university_post_types' not found or invalid function name in C:\Users\loved\Local Sites\amazing-college\app\public\wp-includes\class-wp-hook.php on line 288
[20-Jan-2020 18:56:23 UTC] PHP Stack trace:
[20-Jan-2020 18:56:23 UTC] PHP   1. {main}() C:\Users\loved\Local Sites\amazing-college\app\public\index.php:0
[20-Jan-2020 18:56:23 UTC] PHP   2. require() C:\Users\loved\Local Sites\amazing-college\app\public\index.php:17
[20-Jan-2020 18:56:23 UTC] PHP   3. require_once() C:\Users\loved\Local Sites\amazing-college\app\public\wp-blog-header.php:13
[20-Jan-2020 18:56:23 UTC] PHP   4. require_once() C:\Users\loved\Local Sites\amazing-college\app\public\wp-load.php:37
[20-Jan-2020 18:56:23 UTC] PHP   5. require_once() C:\Users\loved\Local Sites\amazing-college\app\public\wp-config.php:77
[20-Jan-2020 18:56:23 UTC] PHP   6. do_action() C:\Users\loved\Local Sites\amazing-college\app\public\wp-settings.php:523
[20-Jan-2020 18:56:23 UTC] PHP   7. WP_Hook->do_action() C:\Users\loved\Local Sites\amazing-college\app\public\wp-includes\plugin.php:478
[20-Jan-2020 18:56:23 UTC] PHP   8. WP_Hook->apply_filters() C:\Users\loved\Local Sites\amazing-college\app\public\wp-includes\class-wp-hook.php:312
[20-Jan-2020 19:36:40 UTC] PHP Parse error:  syntax error, unexpected ''rewrite'' (T_CONSTANT_ENCAPSED_STRING), expecting ')' in C:\Users\loved\Local Sites\amazing-college\app\public\wp-content\mu-plugins\university-post-types.php on line 5
[20-Jan-2020 19:36:41 UTC] PHP Parse error:  syntax error, unexpected ''rewrite'' (T_CONSTANT_ENCAPSED_STRING), expecting ')' in C:\Users\loved\Local Sites\amazing-college\app\public\wp-content\mu-plugins\university-post-types.php on line 5
